<?xml version="1.0" encoding="UTF-8"?>
<testsuites>
    <testsuite name="force.apex" timestamp="2020-09-04T11:45:48-04:00" hostname="https://newco--dev.my.salesforce.com" tests="2" failures="0"  errors="0"  time="26.04">
        <properties>
            <property name="outcome" value="Passed"/>
            <property name="testsRan" value="2"/>
            <property name="passing" value="2"/>
            <property name="failing" value="0"/>
            <property name="skipped" value="0"/>
            <property name="passRate" value="100%"/>
            <property name="failRate" value="0%"/>
            <property name="testStartTime" value="Sep 4, 2020 11:45 AM"/>
            <property name="testExecutionTime" value="26.04 s"/>
            <property name="testTotalTime" value="26.04 s"/>
            <property name="commandTime" value="36.3 s"/>
            <property name="hostname" value="https://newco--dev.my.salesforce.com"/>
            <property name="orgId" value="00D5C0000008qu6UAA"/>
            <property name="username" value="mark.moser@dllgroup.com.dev"/>
            <property name="testRunId" value="7075C00000hE2iz"/>
            <property name="userId" value="0051I000000cQh5QAE"/>
        </properties>
        <testcase name="CongaGenerateInvoice" classname="CongaGenerateInvoiceTest" time="18.59">
        </testcase>
        <testcase name="CongaGenerateInvoice1" classname="CongaGenerateInvoiceTest" time="7.45">
        </testcase>
    </testsuite>
</testsuites>
