<?xml version="1.0" encoding="UTF-8"?>
<testsuites>
    <testsuite name="force.apex" timestamp="2020-09-03T14:12:42-04:00" hostname="https://newco--dev.my.salesforce.com" tests="2" failures="2"  errors="0"  time="18.95">
        <properties>
            <property name="outcome" value="Failed"/>
            <property name="testsRan" value="2"/>
            <property name="passing" value="0"/>
            <property name="failing" value="2"/>
            <property name="skipped" value="0"/>
            <property name="passRate" value="0%"/>
            <property name="failRate" value="100%"/>
            <property name="testStartTime" value="Sep 3, 2020 2:12 PM"/>
            <property name="testExecutionTime" value="18.95 s"/>
            <property name="testTotalTime" value="18.95 s"/>
            <property name="commandTime" value="29.6 s"/>
            <property name="hostname" value="https://newco--dev.my.salesforce.com"/>
            <property name="orgId" value="00D5C0000008qu6UAA"/>
            <property name="username" value="mark.moser@dllgroup.com.dev"/>
            <property name="testRunId" value="7075C00000hDrCP"/>
            <property name="userId" value="0051I000000cQh5QAE"/>
        </properties>
        <testcase name="CongaGenerateInvoice" classname="CongaGenerateInvoiceTest" time="14.31">
            <failure message="System.QueryException: List has no rows for assignment to SObject"><![CDATA[Class.CongaGenerateInvoiceTest.CongaGenerateInvoice: line 31, column 1]]></failure>
        </testcase>
        <testcase name="CongaGenerateInvoice1" classname="CongaGenerateInvoiceTest" time="4.64">
            <failure message="System.QueryException: List has no rows for assignment to SObject"><![CDATA[Class.CongaGenerateInvoiceTest.CongaGenerateInvoice1: line 102, column 1]]></failure>
        </testcase>
    </testsuite>
</testsuites>
