<?xml version="1.0" encoding="UTF-8"?>
<testsuites>
    <testsuite name="force.apex" timestamp="2020-09-08T12:23:13-04:00" hostname="https://newco--dev.my.salesforce.com" tests="4" failures="1"  errors="0"  time="61.68">
        <properties>
            <property name="outcome" value="Failed"/>
            <property name="testsRan" value="4"/>
            <property name="passing" value="3"/>
            <property name="failing" value="1"/>
            <property name="skipped" value="0"/>
            <property name="passRate" value="75%"/>
            <property name="failRate" value="25%"/>
            <property name="testStartTime" value="Sep 8, 2020 12:23 PM"/>
            <property name="testExecutionTime" value="61.68 s"/>
            <property name="testTotalTime" value="61.68 s"/>
            <property name="commandTime" value="70.65 s"/>
            <property name="hostname" value="https://newco--dev.my.salesforce.com"/>
            <property name="orgId" value="00D5C0000008qu6UAA"/>
            <property name="username" value="mark.moser@dllgroup.com.dev"/>
            <property name="testRunId" value="7075C00000hEoHg"/>
            <property name="userId" value="0051I000000cQh5QAE"/>
        </properties>
        <testcase name="testGLAccountingEntries" classname="TestGLIntegration" time="28.69">
            <failure message="System.AssertException: Assertion Failed: Mismatch in No Of Generated GL Accounting Entries Interface Records...: Expected: 16, Actual: 10"><![CDATA[Class.TestGLIntegration.testGLAccountingEntries: line 196, column 1]]></failure>
        </testcase>
        <testcase name="testGLAccountingEntriesNegative" classname="TestGLIntegration" time="8.5">
        </testcase>
        <testcase name="testGLConsolidation" classname="TestGLIntegration" time="16.78">
        </testcase>
        <testcase name="testGLConsolidationNegative" classname="TestGLIntegration" time="7.71">
        </testcase>
    </testsuite>
</testsuites>
