<?xml version="1.0" encoding="UTF-8"?>
<testsuites>
    <testsuite name="force.apex" timestamp="2020-09-10T08:31:56-04:00" hostname="https://newco--dev.my.salesforce.com" tests="3" failures="0"  errors="0"  time="38.5">
        <properties>
            <property name="outcome" value="Passed"/>
            <property name="testsRan" value="3"/>
            <property name="passing" value="3"/>
            <property name="failing" value="0"/>
            <property name="skipped" value="0"/>
            <property name="passRate" value="100%"/>
            <property name="failRate" value="0%"/>
            <property name="testStartTime" value="Sep 10, 2020 8:31 AM"/>
            <property name="testExecutionTime" value="38.5 s"/>
            <property name="testTotalTime" value="38.5 s"/>
            <property name="commandTime" value="47.05 s"/>
            <property name="hostname" value="https://newco--dev.my.salesforce.com"/>
            <property name="orgId" value="00D5C0000008qu6UAA"/>
            <property name="username" value="mark.moser@dllgroup.com.dev"/>
            <property name="testRunId" value="7075C00000hiiwJ"/>
            <property name="userId" value="0051I000000cQh5QAE"/>
        </properties>
        <testcase name="Test1" classname="TestAPInvoiceSimulator" time="18.55">
        </testcase>
        <testcase name="Test2" classname="TestAPInvoiceSimulator" time="8.87">
        </testcase>
        <testcase name="Test3" classname="TestAPInvoiceSimulator" time="11.08">
        </testcase>
    </testsuite>
</testsuites>
