<?xml version="1.0" encoding="UTF-8"?>
<testsuites>
    <testsuite name="force.apex" timestamp="2020-09-08T12:16:14-04:00" hostname="https://newco--dev.my.salesforce.com" tests="1" failures="1"  errors="0"  time="31.19">
        <properties>
            <property name="outcome" value="Failed"/>
            <property name="testsRan" value="1"/>
            <property name="passing" value="0"/>
            <property name="failing" value="1"/>
            <property name="skipped" value="0"/>
            <property name="passRate" value="0%"/>
            <property name="failRate" value="100%"/>
            <property name="testStartTime" value="Sep 8, 2020 12:16 PM"/>
            <property name="testExecutionTime" value="31.19 s"/>
            <property name="testTotalTime" value="31.19 s"/>
            <property name="commandTime" value="39.75 s"/>
            <property name="hostname" value="https://newco--dev.my.salesforce.com"/>
            <property name="orgId" value="00D5C0000008qu6UAA"/>
            <property name="username" value="mark.moser@dllgroup.com.dev"/>
            <property name="testRunId" value="7075C00000hEoEm"/>
            <property name="userId" value="0051I000000cQh5QAE"/>
        </properties>
        <testcase name="testGLConsolidation" classname="TestGLIntegration" time="31.19">
            <failure message="System.AssertException: Assertion Failed: Mismatch in No Of Generated GL Consolidation Interface Records...: Expected: 8, Actual: 6"><![CDATA[Class.TestGLIntegration.testGLConsolidation: line 70, column 1]]></failure>
        </testcase>
    </testsuite>
</testsuites>
