<?xml version="1.0" encoding="UTF-8"?>
<testsuites>
    <testsuite name="force.apex" timestamp="2020-09-08T09:16:31-04:00" hostname="https://newco--dev.my.salesforce.com" tests="3" failures="0"  errors="0"  time="13.68">
        <properties>
            <property name="outcome" value="Passed"/>
            <property name="testsRan" value="3"/>
            <property name="passing" value="3"/>
            <property name="failing" value="0"/>
            <property name="skipped" value="0"/>
            <property name="passRate" value="100%"/>
            <property name="failRate" value="0%"/>
            <property name="testStartTime" value="Sep 8, 2020 9:16 AM"/>
            <property name="testExecutionTime" value="13.68 s"/>
            <property name="testTotalTime" value="13.68 s"/>
            <property name="commandTime" value="22.55 s"/>
            <property name="hostname" value="https://newco--dev.my.salesforce.com"/>
            <property name="orgId" value="00D5C0000008qu6UAA"/>
            <property name="username" value="mark.moser@dllgroup.com.dev"/>
            <property name="testRunId" value="7075C00000hEmKX"/>
            <property name="userId" value="0051I000000cQh5QAE"/>
        </properties>
        <testcase name="app_clearPricing_cleared" classname="FMZ_ApplicationControllerTest" time="8.51">
        </testcase>
        <testcase name="app_generatePricing_updated" classname="FMZ_ApplicationControllerTest" time="3.6">
        </testcase>
        <testcase name="checkCompletion" classname="FMZ_ApplicationControllerTest" time="1.57">
        </testcase>
    </testsuite>
</testsuites>
