<?xml version="1.0" encoding="UTF-8"?>
<testsuites>
    <testsuite name="force.apex" timestamp="2020-09-10T09:04:29-04:00" hostname="https://newco--dev.my.salesforce.com" tests="3" failures="0"  errors="0"  time="38.79">
        <properties>
            <property name="outcome" value="Passed"/>
            <property name="testsRan" value="3"/>
            <property name="passing" value="3"/>
            <property name="failing" value="0"/>
            <property name="skipped" value="0"/>
            <property name="passRate" value="100%"/>
            <property name="failRate" value="0%"/>
            <property name="testStartTime" value="Sep 10, 2020 9:04 AM"/>
            <property name="testExecutionTime" value="38.79 s"/>
            <property name="testTotalTime" value="38.79 s"/>
            <property name="commandTime" value="41.24 s"/>
            <property name="hostname" value="https://newco--dev.my.salesforce.com"/>
            <property name="orgId" value="00D5C0000008qu6UAA"/>
            <property name="username" value="mark.moser@dllgroup.com.dev"/>
            <property name="testRunId" value="7075C00000hijIW"/>
            <property name="userId" value="0051I000000cQh5QAE"/>
        </properties>
        <testcase name="Test1" classname="TestAPInvoiceSimulator" time="13.01">
        </testcase>
        <testcase name="Test2" classname="TestAPInvoiceSimulator" time="13.01">
        </testcase>
        <testcase name="Test3" classname="TestAPInvoiceSimulator" time="12.77">
        </testcase>
    </testsuite>
</testsuites>
