<?xml version="1.0" encoding="UTF-8"?>
<testsuites>
    <testsuite name="force.apex" timestamp="2020-09-08T10:20:10-04:00" hostname="https://newco--dev.my.salesforce.com" tests="4" failures="0"  errors="0"  time="23.53">
        <properties>
            <property name="outcome" value="Passed"/>
            <property name="testsRan" value="4"/>
            <property name="passing" value="4"/>
            <property name="failing" value="0"/>
            <property name="skipped" value="0"/>
            <property name="passRate" value="100%"/>
            <property name="failRate" value="0%"/>
            <property name="testStartTime" value="Sep 8, 2020 10:20 AM"/>
            <property name="testExecutionTime" value="23.53 s"/>
            <property name="testTotalTime" value="23.53 s"/>
            <property name="commandTime" value="33.45 s"/>
            <property name="hostname" value="https://newco--dev.my.salesforce.com"/>
            <property name="orgId" value="00D5C0000008qu6UAA"/>
            <property name="username" value="mark.moser@dllgroup.com.dev"/>
            <property name="testRunId" value="7075C00000hEn9C"/>
            <property name="userId" value="0051I000000cQh5QAE"/>
        </properties>
        <testcase name="app_convert_converted" classname="FMZ_ApplicationConvertToLeaseCtrlTest" time="14.11">
        </testcase>
        <testcase name="app_convert_not_converted" classname="FMZ_ApplicationConvertToLeaseCtrlTest" time="4.56">
        </testcase>
        <testcase name="getResultExceptionTest" classname="FMZ_ApplicationConvertToLeaseCtrlTest" time="0.02">
        </testcase>
        <testcase name="handleSuccessfulConvert" classname="FMZ_ApplicationConvertToLeaseCtrlTest" time="4.84">
        </testcase>
    </testsuite>
</testsuites>
