<?xml version="1.0" encoding="UTF-8"?>
<testsuites>
    <testsuite name="force.apex" timestamp="2020-04-28T15:47:08-04:00" hostname="https://newco--Dev.my.salesforce.com" tests="5" failures="0"  errors="0"  time="18.76">
        <properties>
            <property name="outcome" value="Passed"/>
            <property name="testsRan" value="5"/>
            <property name="passing" value="5"/>
            <property name="failing" value="0"/>
            <property name="skipped" value="0"/>
            <property name="passRate" value="100%"/>
            <property name="failRate" value="0%"/>
            <property name="testStartTime" value="Apr 28, 2020 3:47 PM"/>
            <property name="testExecutionTime" value="18.76 s"/>
            <property name="testTotalTime" value="18.76 s"/>
            <property name="commandTime" value="25.58 s"/>
            <property name="hostname" value="https://newco--Dev.my.salesforce.com"/>
            <property name="orgId" value="00D4F0000001BgcUAE"/>
            <property name="username" value="mark.moser@dllgroup.com.dev"/>
            <property name="testRunId" value="7074F00001FUPDI"/>
            <property name="userId" value="0051I000000cQh5QAE"/>
        </properties>
        <testcase name="testAddLocation" classname="FMZ_ApplicationLocationsControllerTest" time="11.56">
        </testcase>
        <testcase name="testDeleteLocation" classname="FMZ_ApplicationLocationsControllerTest" time="3.65">
        </testcase>
        <testcase name="testGetLocations" classname="FMZ_ApplicationLocationsControllerTest" time="1.27">
        </testcase>
        <testcase name="testSearch" classname="FMZ_ApplicationLocationsControllerTest" time="0.99">
        </testcase>
        <testcase name="testUpdateLocation" classname="FMZ_ApplicationLocationsControllerTest" time="1.29">
        </testcase>
    </testsuite>
</testsuites>
