<?xml version="1.0" encoding="UTF-8"?>
<testsuites>
    <testsuite name="force.apex" timestamp="2020-09-08T10:10:53-04:00" hostname="https://newco--dev.my.salesforce.com" tests="1" failures="1"  errors="0"  time="2.81">
        <properties>
            <property name="outcome" value="Failed"/>
            <property name="testsRan" value="1"/>
            <property name="passing" value="0"/>
            <property name="failing" value="1"/>
            <property name="skipped" value="0"/>
            <property name="passRate" value="0%"/>
            <property name="failRate" value="100%"/>
            <property name="testStartTime" value="Sep 8, 2020 10:10 AM"/>
            <property name="testExecutionTime" value="2.81 s"/>
            <property name="testTotalTime" value="2.81 s"/>
            <property name="commandTime" value="17.28 s"/>
            <property name="hostname" value="https://newco--dev.my.salesforce.com"/>
            <property name="orgId" value="00D5C0000008qu6UAA"/>
            <property name="username" value="mark.moser@dllgroup.com.dev"/>
            <property name="testRunId" value="7075C00000hEmxM"/>
            <property name="userId" value="0051I000000cQh5QAE"/>
        </properties>
        <testcase name="getTermOptionsTest" classname="FMZ_ApplicationTermsControllerTest" time="2.81">
            <failure message="System.DmlException: Insert failed. First exception on row 0 with id a6Y5C000000AXAGUA4; first error: INVALID_FIELD_FOR_INSERT_UPDATE, cannot specify Id in an insert call: [Id]"><![CDATA[Class.FMZ_ApplicationTermsControllerTest.getTermOptionsTest: line 119, column 1]]></failure>
        </testcase>
    </testsuite>
</testsuites>
