<?xml version="1.0" encoding="UTF-8"?>
<testsuites>
    <testsuite name="force.apex" timestamp="2020-09-08T10:15:18-04:00" hostname="https://newco--dev.my.salesforce.com" tests="1" failures="0"  errors="0"  time="6.11">
        <properties>
            <property name="outcome" value="Passed"/>
            <property name="testsRan" value="1"/>
            <property name="passing" value="1"/>
            <property name="failing" value="0"/>
            <property name="skipped" value="0"/>
            <property name="passRate" value="100%"/>
            <property name="failRate" value="0%"/>
            <property name="testStartTime" value="Sep 8, 2020 10:15 AM"/>
            <property name="testExecutionTime" value="6.11 s"/>
            <property name="testTotalTime" value="6.11 s"/>
            <property name="commandTime" value="20.41 s"/>
            <property name="hostname" value="https://newco--dev.my.salesforce.com"/>
            <property name="orgId" value="00D5C0000008qu6UAA"/>
            <property name="username" value="mark.moser@dllgroup.com.dev"/>
            <property name="testRunId" value="7075C00000hEn5a"/>
            <property name="userId" value="0051I000000cQh5QAE"/>
        </properties>
        <testcase name="getTermOptionsTest" classname="FMZ_ApplicationTermsControllerTest" time="6.11">
        </testcase>
    </testsuite>
</testsuites>
