<?xml version="1.0" encoding="UTF-8"?>
<testsuites>
    <testsuite name="force.apex" timestamp="2020-09-10T14:36:34-04:00" hostname="https://newco--dev.my.salesforce.com" tests="1" failures="0"  errors="0"  time="10.91">
        <properties>
            <property name="outcome" value="Passed"/>
            <property name="testsRan" value="1"/>
            <property name="passing" value="1"/>
            <property name="failing" value="0"/>
            <property name="skipped" value="0"/>
            <property name="passRate" value="100%"/>
            <property name="failRate" value="0%"/>
            <property name="testStartTime" value="Sep 10, 2020 2:36 PM"/>
            <property name="testExecutionTime" value="10.91 s"/>
            <property name="testTotalTime" value="10.91 s"/>
            <property name="commandTime" value="13.27 s"/>
            <property name="hostname" value="https://newco--dev.my.salesforce.com"/>
            <property name="orgId" value="00D5C0000008qu6UAA"/>
            <property name="username" value="mark.moser@dllgroup.com.dev"/>
            <property name="testRunId" value="7075C00000himuL"/>
            <property name="userId" value="0051I000000cQh5QAE"/>
        </properties>
        <testcase name="testMethod1" classname="TestCAMSUtility" time="10.91">
        </testcase>
    </testsuite>
</testsuites>
